0 info it worked if it ends with ok
1 verbose cli [ '/usr/local/bin/node',
1 verbose cli   '/usr/local/bin/npm',
1 verbose cli   'info',
1 verbose cli   '--registry',
1 verbose cli   'http://registry.npmjs.org',
1 verbose cli   'major' ]
2 info using npm@1.3.11
3 info using node@v0.10.20
4 verbose url raw major
5 verbose url resolving [ 'http://registry.npmjs.org/', './major' ]
6 verbose url resolved http://registry.npmjs.org/major
7 info trying registry request attempt 1 at 23:15:36
8 http GET http://registry.npmjs.org/major
9 http 404 http://registry.npmjs.org/major
10 silly registry.get cb [ 404,
10 silly registry.get   { server: 'CouchDB/1.3.1 (Erlang OTP/R15B03)',
10 silly registry.get     date: 'Thu, 10 Oct 2013 22:15:36 GMT',
10 silly registry.get     'content-type': 'application/json',
10 silly registry.get     'content-length': '52',
10 silly registry.get     'cache-control': 'must-revalidate' } ]
11 error 404 'major' is not in the npm registry.
11 error 404 You should bug the author to publish it
11 error 404
11 error 404 Note that you can also install from a
11 error 404 tarball, folder, or http url, or git url.
12 error System Darwin 12.5.0
13 error command "/usr/local/bin/node" "/usr/local/bin/npm" "info" "--registry" "http://registry.npmjs.org" "major"
14 error cwd /Users/paul/Development/javascript/enlist
15 error node -v v0.10.20
16 error npm -v 1.3.11
17 error code E404
18 verbose exit [ 1, true ]
